<?xml version="1.0" encoding="UTF-8"?>
<!-- Generated by org.testng.reporters.JUnitXMLReporter -->
<testsuite hostname="LAPTOP-54" name="Default test" tests="4" failures="0" timestamp="10 May 2019 14:25:07 GMT" time="68.917" errors="0">
  <testcase name="verifyLoginPageTitle" time="0.306" classname="salesforce.tests.LoginTest"/>
  <testcase name="verifyLoginPageLogo" time="0.101" classname="salesforce.tests.LoginTest"/>
  <testcase name="verifyInvalidLogin" time="4.101" classname="salesforce.tests.LoginTest"/>
  <testcase name="verifyValidLogin" time="22.718" classname="salesforce.tests.LoginTest"/>
</testsuite> <!-- Default test -->
