<?xml version="1.0" encoding="UTF-8"?>
<!-- Generated by org.testng.reporters.JUnitXMLReporter -->
<testsuite hostname="LAPTOP-54" name="Default test" tests="4" failures="0" timestamp="8 May 2019 11:46:36 GMT" time="282.777" errors="0">
  <testcase name="verifyLoginPageTitle" time="0.447" classname="salesforce.tests.LoginTest"/>
  <testcase name="verifyLoginPageLogo" time="58.766" classname="salesforce.tests.LoginTest"/>
  <testcase name="verifyInvalidLogin" time="6.121" classname="salesforce.tests.LoginTest"/>
  <testcase name="verifyValidLogin" time="24.916" classname="salesforce.tests.LoginTest"/>
</testsuite> <!-- Default test -->
