<?xml version="1.0" encoding="UTF-8"?>
<!-- Generated by org.testng.reporters.JUnitXMLReporter -->
<testsuite hostname="LAPTOP-54" ignored="0" name="Test" tests="4" failures="0" timestamp="09 May 2019 11:39:32 GMT" time="116.743" errors="0">
  <testcase name="verifyLoginPageTitle" time="0.345" classname="salesforce.tests.LoginTest"/>
  <testcase name="verifyLoginPageLogo" time="0.167" classname="salesforce.tests.LoginTest"/>
  <testcase name="verifyInvalidLogin" time="34.919" classname="salesforce.tests.LoginTest"/>
  <testcase name="verifyValidLogin" time="27.321" classname="salesforce.tests.LoginTest"/>
</testsuite> <!-- Test -->
